2021-03-28 19:50:37,516 INFO  [org.jboss.as.connector.subsystems.datasources] (MSC service thread 1-7) WFLYJCA0001: Bound data source [java:jboss/datasources/KeycloakDS]
2021-03-28 19:50:37,516 INFO  [org.jboss.as.connector.subsystems.datasources] (MSC service thread 1-6) WFLYJCA0001: Bound data source [java:jboss/datasources/ExampleDS]
2021-03-28 19:50:37,992 INFO  [org.wildfly.extension.undertow] (MSC service thread 1-1) WFLYUT0006: Undertow HTTPS listener https listening on 127.0.0.1:8443
2021-03-28 19:50:38,057 INFO  [org.infinispan.CONTAINER] (ServerService Thread Pool -- 56) ISPN000128: Infinispan version: Infinispan 'Corona Extra' 11.0.4.Final
2021-03-28 19:50:38,084 INFO  [org.infinispan.CONFIG] (MSC service thread 1-6) ISPN000152: Passivation configured without an eviction policy being selected. Only manually evicted entities will be passivated.
2021-03-28 19:50:38,086 INFO  [org.infinispan.CONFIG] (MSC service thread 1-6) ISPN000152: Passivation configured without an eviction policy being selected. Only manually evicted entities will be passivated.
2021-03-28 19:50:38,139 INFO  [org.infinispan.PERSISTENCE] (ServerService Thread Pool -- 57) ISPN000556: Starting user marshaller 'org.wildfly.clustering.infinispan.marshalling.jboss.JBossMarshaller'
2021-03-28 19:50:38,139 INFO  [org.infinispan.PERSISTENCE] (ServerService Thread Pool -- 56) ISPN000556: Starting user marshaller 'org.wildfly.clustering.infinispan.spi.marshalling.InfinispanProtoStreamMarshaller'
2021-03-28 19:50:38,394 INFO  [org.jboss.as.clustering.infinispan] (ServerService Thread Pool -- 56) WFLYCLINF0002: Started http-remoting-connector cache from ejb container
2021-03-28 19:50:38,409 INFO  [org.jboss.as.clustering.infinispan] (ServerService Thread Pool -- 57) WFLYCLINF0002: Started loginFailures cache from keycloak container
2021-03-28 19:50:38,409 INFO  [org.jboss.as.clustering.infinispan] (ServerService Thread Pool -- 63) WFLYCLINF0002: Started clientSessions cache from keycloak container
2021-03-28 19:50:38,410 INFO  [org.jboss.as.clustering.infinispan] (ServerService Thread Pool -- 65) WFLYCLINF0002: Started work cache from keycloak container
2021-03-28 19:50:38,410 INFO  [org.jboss.as.clustering.infinispan] (ServerService Thread Pool -- 60) WFLYCLINF0002: Started offlineSessions cache from keycloak container
2021-03-28 19:50:38,410 INFO  [org.jboss.as.clustering.infinispan] (ServerService Thread Pool -- 56) WFLYCLINF0002: Started sessions cache from keycloak container
2021-03-28 19:50:38,410 INFO  [org.jboss.as.clustering.infinispan] (ServerService Thread Pool -- 62) WFLYCLINF0002: Started offlineClientSessions cache from keycloak container
2021-03-28 19:50:38,412 INFO  [org.jboss.as.clustering.infinispan] (ServerService Thread Pool -- 68) WFLYCLINF0002: Started authenticationSessions cache from keycloak container
2021-03-28 19:50:38,412 INFO  [org.jboss.as.clustering.infinispan] (ServerService Thread Pool -- 66) WFLYCLINF0002: Started actionTokens cache from keycloak container
2021-03-28 19:50:38,432 INFO  [org.jboss.as.clustering.infinispan] (ServerService Thread Pool -- 58) WFLYCLINF0002: Started keys cache from keycloak container
2021-03-28 19:50:38,432 INFO  [org.jboss.as.clustering.infinispan] (ServerService Thread Pool -- 59) WFLYCLINF0002: Started users cache from keycloak container
2021-03-28 19:50:38,432 INFO  [org.jboss.as.clustering.infinispan] (ServerService Thread Pool -- 61) WFLYCLINF0002: Started authorization cache from keycloak container
2021-03-28 19:50:38,432 INFO  [org.jboss.as.clustering.infinispan] (ServerService Thread Pool -- 67) WFLYCLINF0002: Started realms cache from keycloak container
2021-03-28 19:50:38,627 WARN  [org.jboss.as.server.deployment] (MSC service thread 1-4) WFLYSRV0273: Excluded subsystem webservices via jboss-deployment-structure.xml does not exist.
2021-03-28 19:50:39,006 INFO  [org.keycloak.services] (ServerService Thread Pool -- 59) KC-SERVICES0001: Loading config from standalone.xml or domain.xml
2021-03-28 19:50:39,323 INFO  [org.keycloak.url.DefaultHostnameProviderFactory] (ServerService Thread Pool -- 59) Frontend: <request>, Admin: <frontend>, Backend: <request>
2021-03-28 19:50:39,373 WARN  [org.infinispan.encoding.impl.StorageConfigurationManager] (ServerService Thread Pool -- 59) ISPN000599: Configuration for cache 'realmRevisions' does not define the encoding for keys or values. If you use operations that require data conversion or queries, you should configure the cache with a specific MediaType for keys or values.
2021-03-28 19:50:39,376 INFO  [org.jboss.as.clustering.infinispan] (ServerService Thread Pool -- 59) WFLYCLINF0002: Started realmRevisions cache from keycloak container
2021-03-28 19:50:39,376 WARN  [org.infinispan.encoding.impl.StorageConfigurationManager] (ServerService Thread Pool -- 59) ISPN000599: Configuration for cache 'userRevisions' does not define the encoding for keys or values. If you use operations that require data conversion or queries, you should configure the cache with a specific MediaType for keys or values.
2021-03-28 19:50:39,378 INFO  [org.jboss.as.clustering.infinispan] (ServerService Thread Pool -- 59) WFLYCLINF0002: Started userRevisions cache from keycloak container
2021-03-28 19:50:39,378 WARN  [org.infinispan.encoding.impl.StorageConfigurationManager] (ServerService Thread Pool -- 59) ISPN000599: Configuration for cache 'authorizationRevisions' does not define the encoding for keys or values. If you use operations that require data conversion or queries, you should configure the cache with a specific MediaType for keys or values.
2021-03-28 19:50:39,380 INFO  [org.jboss.as.clustering.infinispan] (ServerService Thread Pool -- 59) WFLYCLINF0002: Started authorizationRevisions cache from keycloak container
2021-03-28 19:50:39,381 INFO  [org.keycloak.connections.infinispan.DefaultInfinispanConnectionProviderFactory] (ServerService Thread Pool -- 59) Node name: desktop-tktlj0a, Site name: null
2021-03-28 19:50:48,499 INFO  [org.keycloak.connections.jpa.DefaultJpaConnectionProviderFactory] (ServerService Thread Pool -- 59) Database info: {databaseUrl=jdbc:h2:D:\study\oauth2-springboot\keycloak\standalone\data/keycloak, databaseUser=SA, databaseProduct=H2 1.4.197 (2018-03-18), databaseDriver=H2 JDBC Driver 1.4.197 (2018-03-18)}
2021-03-28 19:50:49,480 INFO  [org.hibernate.jpa.internal.util.LogHelper] (ServerService Thread Pool -- 59) HHH000204: Processing PersistenceUnitInfo [
	name: keycloak-default
	...]
2021-03-28 19:50:49,519 INFO  [org.hibernate.Version] (ServerService Thread Pool -- 59) HHH000412: Hibernate Core {5.3.20.Final}
2021-03-28 19:50:49,521 INFO  [org.hibernate.cfg.Environment] (ServerService Thread Pool -- 59) HHH000206: hibernate.properties not found
2021-03-28 19:50:49,621 INFO  [org.hibernate.annotations.common.Version] (ServerService Thread Pool -- 59) HCANN000001: Hibernate Commons Annotations {5.0.5.Final}
2021-03-28 19:50:49,732 INFO  [org.hibernate.dialect.Dialect] (ServerService Thread Pool -- 59) HHH000400: Using dialect: org.hibernate.dialect.H2Dialect
2021-03-28 19:50:49,738 WARN  [org.hibernate.dialect.H2Dialect] (ServerService Thread Pool -- 59) HHH000431: Unable to determine H2 database version, certain features may not work
2021-03-28 19:50:49,763 INFO  [org.hibernate.envers.boot.internal.EnversServiceImpl] (ServerService Thread Pool -- 59) Envers integration enabled? : true
2021-03-28 19:50:50,063 INFO  [org.hibernate.orm.beans] (ServerService Thread Pool -- 59) HHH10005002: No explicit CDI BeanManager reference was passed to Hibernate, but CDI is available on the Hibernate ClassLoader.
2021-03-28 19:50:50,098 INFO  [org.hibernate.validator.internal.util.Version] (ServerService Thread Pool -- 59) HV000001: Hibernate Validator 6.0.21.Final
2021-03-28 19:50:50,751 INFO  [org.hibernate.hql.internal.QueryTranslatorFactoryInitiator] (ServerService Thread Pool -- 59) HHH000397: Using ASTQueryTranslatorFactory
2021-03-28 19:50:51,358 INFO  [org.jboss.resteasy.resteasy_jaxrs.i18n] (ServerService Thread Pool -- 59) RESTEASY002225: Deploying javax.ws.rs.core.Application: class org.keycloak.services.resources.KeycloakApplication
2021-03-28 19:50:51,359 INFO  [org.jboss.resteasy.resteasy_jaxrs.i18n] (ServerService Thread Pool -- 59) RESTEASY002205: Adding provider class org.keycloak.services.filters.KeycloakSecurityHeadersFilter from Application class org.keycloak.services.resources.KeycloakApplication
2021-03-28 19:50:51,360 INFO  [org.jboss.resteasy.resteasy_jaxrs.i18n] (ServerService Thread Pool -- 59) RESTEASY002200: Adding class resource org.keycloak.services.resources.JsResource from Application class org.keycloak.services.resources.KeycloakApplication
2021-03-28 19:50:51,360 INFO  [org.jboss.resteasy.resteasy_jaxrs.i18n] (ServerService Thread Pool -- 59) RESTEASY002205: Adding provider class org.keycloak.services.error.KeycloakErrorHandler from Application class org.keycloak.services.resources.KeycloakApplication
2021-03-28 19:50:51,360 INFO  [org.jboss.resteasy.resteasy_jaxrs.i18n] (ServerService Thread Pool -- 59) RESTEASY002200: Adding class resource org.keycloak.services.resources.ThemeResource from Application class org.keycloak.services.resources.KeycloakApplication
2021-03-28 19:50:51,360 INFO  [org.jboss.resteasy.resteasy_jaxrs.i18n] (ServerService Thread Pool -- 59) RESTEASY002220: Adding singleton resource org.keycloak.services.resources.RobotsResource from Application class org.keycloak.services.resources.KeycloakApplication
2021-03-28 19:50:51,360 INFO  [org.jboss.resteasy.resteasy_jaxrs.i18n] (ServerService Thread Pool -- 59) RESTEASY002220: Adding singleton resource org.keycloak.services.resources.WelcomeResource from Application class org.keycloak.services.resources.KeycloakApplication
2021-03-28 19:50:51,360 INFO  [org.jboss.resteasy.resteasy_jaxrs.i18n] (ServerService Thread Pool -- 59) RESTEASY002210: Adding provider singleton org.keycloak.services.util.ObjectMapperResolver from Application class org.keycloak.services.resources.KeycloakApplication
2021-03-28 19:50:51,360 INFO  [org.jboss.resteasy.resteasy_jaxrs.i18n] (ServerService Thread Pool -- 59) RESTEASY002220: Adding singleton resource org.keycloak.services.resources.admin.AdminRoot from Application class org.keycloak.services.resources.KeycloakApplication
2021-03-28 19:50:51,360 INFO  [org.jboss.resteasy.resteasy_jaxrs.i18n] (ServerService Thread Pool -- 59) RESTEASY002220: Adding singleton resource org.keycloak.services.resources.RealmsResource from Application class org.keycloak.services.resources.KeycloakApplication
2021-03-28 19:50:51,438 INFO  [org.wildfly.extension.undertow] (ServerService Thread Pool -- 59) WFLYUT0021: Registered web context: '/auth' for server 'default-server'
2021-03-28 19:50:51,496 INFO  [org.jboss.as.server] (ServerService Thread Pool -- 55) WFLYSRV0010: Deployed "keycloak-server.war" (runtime-name : "keycloak-server.war")
2021-03-28 19:50:51,521 INFO  [org.jboss.as.server] (Controller Boot Thread) WFLYSRV0212: Resuming server
2021-03-28 19:50:51,522 INFO  [org.jboss.as] (Controller Boot Thread) WFLYSRV0025: Keycloak 12.0.3 (WildFly Core 13.0.3.Final) started in 18068ms - Started 589 of 867 services (585 services are lazy, passive or on-demand)
2021-03-28 19:50:51,524 INFO  [org.jboss.as] (Controller Boot Thread) WFLYSRV0060: Http management interface listening on http://127.0.0.1:9990/management
2021-03-28 19:50:51,524 INFO  [org.jboss.as] (Controller Boot Thread) WFLYSRV0051: Admin console listening on http://127.0.0.1:9990
2021-03-28 19:51:23,045 INFO  [org.jboss.as.server] (Thread-2) WFLYSRV0272: Suspending server
2021-03-28 19:51:23,047 INFO  [org.jboss.as.ejb3] (Thread-2) WFLYEJB0493: EJB subsystem suspension complete
2021-03-28 19:51:23,054 INFO  [org.jboss.as.server] (Thread-2) WFLYSRV0220: Server shutdown has been requested via an OS signal
2021-03-28 19:51:23,061 INFO  [org.jboss.as.connector.subsystems.datasources] (MSC service thread 1-4) WFLYJCA0010: Unbound data source [java:jboss/datasources/KeycloakDS]
2021-03-28 19:51:23,063 INFO  [org.jboss.as.mail.extension] (MSC service thread 1-1) WFLYMAIL0002: Unbound mail session [java:jboss/mail/Default]
2021-03-28 19:51:23,063 INFO  [org.wildfly.extension.undertow] (MSC service thread 1-3) WFLYUT0008: Undertow HTTPS listener https suspending
2021-03-28 19:51:23,064 INFO  [org.wildfly.extension.undertow] (ServerService Thread Pool -- 59) WFLYUT0022: Unregistered web context: '/auth' from server 'default-server'
2021-03-28 19:51:23,065 INFO  [org.wildfly.extension.undertow] (MSC service thread 1-3) WFLYUT0007: Undertow HTTPS listener https stopped, was bound to 127.0.0.1:8443
2021-03-28 19:51:23,076 INFO  [org.jboss.as.connector.subsystems.datasources] (MSC service thread 1-7) WFLYJCA0010: Unbound data source [java:jboss/datasources/ExampleDS]
2021-03-28 19:51:23,078 INFO  [org.wildfly.extension.undertow] (MSC service thread 1-1) WFLYUT0019: Host default-host stopping
2021-03-28 19:51:23,079 INFO  [org.jboss.as.connector.deployers.jdbc] (MSC service thread 1-7) WFLYJCA0019: Stopped Driver service with driver-name = h2
2021-03-28 19:51:23,087 INFO  [org.jboss.as.clustering.infinispan] (ServerService Thread Pool -- 72) WFLYCLINF0003: Stopped clientSessions cache from keycloak container
2021-03-28 19:51:23,087 INFO  [org.jboss.as.clustering.infinispan] (ServerService Thread Pool -- 81) WFLYCLINF0003: Stopped actionTokens cache from keycloak container
2021-03-28 19:51:23,088 INFO  [org.jboss.as.clustering.infinispan] (ServerService Thread Pool -- 77) WFLYCLINF0003: Stopped offlineClientSessions cache from keycloak container
2021-03-28 19:51:23,088 INFO  [org.jboss.as.clustering.infinispan] (ServerService Thread Pool -- 74) WFLYCLINF0003: Stopped authorization cache from keycloak container
2021-03-28 19:51:23,087 INFO  [org.jboss.as.clustering.infinispan] (ServerService Thread Pool -- 79) WFLYCLINF0003: Stopped loginFailures cache from keycloak container
2021-03-28 19:51:23,089 INFO  [org.jboss.as.clustering.infinispan] (ServerService Thread Pool -- 75) WFLYCLINF0003: Stopped keys cache from keycloak container
2021-03-28 19:51:23,087 INFO  [org.jboss.as.clustering.infinispan] (ServerService Thread Pool -- 76) WFLYCLINF0003: Stopped work cache from keycloak container
2021-03-28 19:51:23,088 INFO  [org.jboss.as.clustering.infinispan] (ServerService Thread Pool -- 82) WFLYCLINF0003: Stopped offlineSessions cache from keycloak container
2021-03-28 19:51:23,088 INFO  [org.jboss.as.clustering.infinispan] (ServerService Thread Pool -- 80) WFLYCLINF0003: Stopped authenticationSessions cache from keycloak container
2021-03-28 19:51:23,087 INFO  [org.jboss.as.clustering.infinispan] (ServerService Thread Pool -- 73) WFLYCLINF0003: Stopped sessions cache from keycloak container
2021-03-28 19:51:23,094 INFO  [org.wildfly.extension.undertow] (MSC service thread 1-1) WFLYUT0008: Undertow HTTP listener default suspending
2021-03-28 19:51:23,095 INFO  [org.jboss.as.clustering.infinispan] (ServerService Thread Pool -- 59) WFLYCLINF0003: Stopped http-remoting-connector cache from ejb container
2021-03-28 19:51:23,095 INFO  [org.wildfly.extension.undertow] (MSC service thread 1-1) WFLYUT0007: Undertow HTTP listener default stopped, was bound to 127.0.0.1:8080
2021-03-28 19:51:23,098 INFO  [org.jboss.as.clustering.infinispan] (ServerService Thread Pool -- 78) WFLYCLINF0003: Stopped users cache from keycloak container
2021-03-28 19:51:23,099 INFO  [org.jboss.as.clustering.infinispan] (ServerService Thread Pool -- 71) WFLYCLINF0003: Stopped realms cache from keycloak container
2021-03-28 19:51:23,101 INFO  [org.wildfly.extension.undertow] (MSC service thread 1-2) WFLYUT0004: Undertow 2.2.2.Final stopping
2021-03-28 19:51:23,101 INFO  [org.infinispan.manager.DefaultCacheManager] (ServerService Thread Pool -- 71) Stopping cache manager null on null
2021-03-28 19:51:23,101 INFO  [org.infinispan.manager.DefaultCacheManager] (ServerService Thread Pool -- 78) Stopping cache manager null on null
2021-03-28 19:51:23,110 INFO  [org.jboss.as.server.deployment] (MSC service thread 1-8) WFLYSRV0028: Stopped deployment keycloak-server.war (runtime-name: keycloak-server.war) in 54ms
2021-03-28 19:51:23,117 INFO  [org.jboss.as] (MSC service thread 1-6) WFLYSRV0050: Keycloak 12.0.3 (WildFly Core 13.0.3.Final) stopped in 62ms
